<?xml version="1.0" encoding="UTF-8"?>
<!-- Generated by org.testng.reporters.JUnitXMLReporter -->
<testsuite hostname="Diego" ignored="0" name="Default test" tests="6" failures="0" timestamp="05 Jul 2018 16:16:39 GMT" time="356.994" errors="0">
  <testcase name="test_Create_Archive_No_Capture" time="16.362" classname="test.TestCreateArchiveValidateNoEmailError"/>
  <testcase name="test_Create_Archive_No_Capture" time="16.657" classname="test.TestCreateArchiveValidateNoUrlError"/>
  <testcase name="test_Create_Archive_No_Capture" time="16.544" classname="test.TestCreateArchiveValidateInvalidEmailError"/>
  <testcase name="test_Create_Archive_No_Capture" time="16.635" classname="test.TestCreateArchiveValidateInvalidUrlError"/>
  <testcase name="test_Create_Archive_No_Capture" time="89.328" classname="test.TestCreateAnArchiveNotCapture"/>
  <testcase name="test_Create_Archive_No_Capture" time="97.369" classname="test.TestCreateAnArchiveCapture"/>
</testsuite> <!-- Default test -->
