<?xml version="1.0" encoding="UTF-8"?>
<testng-results skipped="0" failed="0" ignored="0" total="1" passed="1">
  <reporter-output>
  </reporter-output>
  <suite name="Default suite" duration-ms="104124" started-at="2018-07-04T14:22:28Z" finished-at="2018-07-04T14:24:12Z">
    <groups>
    </groups>
    <test name="Default test" duration-ms="104124" started-at="2018-07-04T14:22:28Z" finished-at="2018-07-04T14:24:12Z">
      <class name="test.TestCreateAnArchiveNotCapture">
        <test-method status="PASS" signature="setup()[pri:0, instance:test.TestCreateAnArchiveNotCapture@3ffc5af1]" name="setup" is-config="true" duration-ms="16701" started-at="2018-07-04T14:22:28Z" finished-at="2018-07-04T14:22:45Z">
          <reporter-output>
          </reporter-output>
        </test-method> <!-- setup -->
        <test-method status="PASS" signature="test_Create_Archive_No_Capture()[pri:0, instance:test.TestCreateAnArchiveNotCapture@3ffc5af1]" name="test_Create_Archive_No_Capture" duration-ms="87390" started-at="2018-07-04T14:22:45Z" finished-at="2018-07-04T14:24:12Z">
          <reporter-output>
          </reporter-output>
        </test-method> <!-- test_Create_Archive_No_Capture -->
      </class> <!-- test.TestCreateAnArchiveNotCapture -->
    </test> <!-- Default test -->
  </suite> <!-- Default suite -->
</testng-results>
